<?xml version="1.0" encoding="UTF-8"?>
<!-- Generated by org.testng.reporters.JUnitXMLReporter -->
<testsuite ignored="0" hostname="Laptop-OBS-123" failures="0" tests="5" name="Default test" time="14.771" errors="0" timestamp="2023-04-18T17:37:02 IST">
  <testcase classname="api.test.GuideLineTest" name="keyGeneration" time="8.044"/>
  <testcase classname="api.test.GuideLineTest" name="toCreateGuideLine" time="1.336"/>
  <testcase classname="api.test.GuideLineTest" name="toDeleteGuideLine" time="1.143"/>
  <testcase classname="api.test.GuideLineTest" name="toEditGuideLine" time="1.184"/>
  <testcase classname="api.test.GuideLineTest" name="toViewAllGuideLine" time="1.141"/>
</testsuite> <!-- Default test -->
